<?xml version="1.0" encoding="UTF-8" ?><testsuite errors="0" name="jasmine.specs" tests="2" failures="0" skipped="0" hostname="localhost" time="0.0" timestamp="2014-09-24T13:36:21"><testcase classname="jasmine" name="Pension Calculator State Employee Retirement System System Tiers Should use Tier 1 for hire date before 1/1/2011" time="0.0" failure="false"/><testcase classname="jasmine" name="Pension Calculator State Employee Retirement System System Tiers Should use Tier 2 for hire date after 1/1/2011" time="0.0" failure="false"/></testsuite>